<?xml version="1.0" encoding="utf-8"?><testsuite errors="0" failures="1" name="pytest" skips="0" tests="7" time="48.786"><testcase classname="test_widget" file="test_widget.py" line="0" name="test_widget_functions_as_expected" time="0.0011992454528808594"></testcase><testcase classname="test_widget" file="test_widget.py" line="4" name="test_widget_fails" time="0.002685070037841797"><failure message="assert False">def test_widget_fails():
&gt;       assert False
E       assert False

test_widget.py:6: AssertionError</failure></testcase><testcase classname="tests.sportscar.body.test_body.BodyTests" file="tests/sportscar/body/test_body.py" line="7" name="test_can_navigate_to_body_page" time="14.12454628944397"></testcase><testcase classname="tests.sportscar.body.test_body.BodyTests" file="tests/sportscar/body/test_body.py" line="12" name="test_bunper" time="0.0024194717407226562"></testcase><testcase classname="tests.sportscar.body.test_body.BodyTests" file="tests/sportscar/body/test_body.py" line="15" name="test_windshielf" time="0.0011136531829833984"></testcase><testcase classname="tests.sportscar.engine.test_engine" file="tests/sportscar/engine/test_engine.py" line="3" name="test_can_navigate_to_engine_page" time="15.306602239608765"></testcase><testcase classname="tests.sportscar.entertainment.test_entertainment" file="tests/sportscar/entertainment/test_entertainment.py" line="3" name="test_can_navigate_to_entertainment_page" time="19.236372470855713"><system-out>I am tearing down this browser
</system-out></testcase></testsuite>